<?xml version="1.0" encoding="UTF-8"?>
<Site BuildName="(empty)"
	BuildStamp="20240503-0357-Experimental"
	Name="(empty)"
	Generator="ctest-3.29.0"
	CompilerName=""
	CompilerVersion=""
	OSName="Windows"
	Hostname="SerenesHP"
	OSRelease=" Personal"
	OSVersion=" (Build 22621)"
	OSPlatform="AMD64"
	Is64Bits="1"
	VendorString="AuthenticAMD"
	VendorID="Advanced Micro Devices"
	FamilyID="15"
	ModelID="0"
	ProcessorCacheSize="64"
	NumberOfLogicalCPU="12"
	NumberOfPhysicalCPU="6"
	TotalVirtualMemory="18751"
	TotalPhysicalMemory="7487"
	LogicalProcessorsPerPhysical="2"
	ProcessorClockFrequency="2296"
	>
	<Testing>
		<StartDateTime>May 03 08:52 Central Daylight Time</StartDateTime>
		<StartTestTime>1714744360</StartTestTime>
		<TestList/>
		<EndDateTime>May 03 08:52 Central Daylight Time</EndDateTime>
		<EndTestTime>1714744360</EndTestTime>
		<ElapsedMinutes>0</ElapsedMinutes>
	</Testing>
</Site>
